<?xml version="1.0" encoding="UTF-8"?>
<!-- Generated by org.testng.reporters.JUnitReportReporter -->
<testsuite hostname="DESKTOP-GQ2DUQB" failures="0" tests="1" name="org.sel.pom.tests.NavigationTest" time="14.541" errors="0" timestamp="2024-04-08T21:41:35 CDT" skipped="0">
  <testcase classname="org.sel.pom.tests.NavigationTest" name="NavigateToStoreUsingMainMenu" time="14.541"/>
</testsuite> <!-- org.sel.pom.tests.NavigationTest -->
