<?xml version="1.0" encoding="UTF-8"?>
<!-- Generated by org.testng.reporters.JUnitReportReporter -->
<testsuite hostname="DESKTOP-GQ2DUQB" failures="0" tests="2" name="org.sel.pom.tests.CheckoutTest" time="63.943" errors="0" timestamp="2024-04-08T21:41:35 CDT" skipped="0">
  <testcase classname="org.sel.pom.tests.CheckoutTest" name="LoginAndCheckoutUsingDircetBankTransfer" time="34.911"/>
  <testcase classname="org.sel.pom.tests.CheckoutTest" name="GuestCheckoutUsingDircetBankTransfer" time="29.032"/>
</testsuite> <!-- org.sel.pom.tests.CheckoutTest -->
