<?xml version="1.0" encoding="UTF-8"?>
<!-- Generated by org.testng.reporters.JUnitReportReporter -->
<testsuite hostname="DESKTOP-GQ2DUQB" failures="0" tests="1" name="org.sel.pom.tests.SearchTest" time="24.119" errors="0" timestamp="2024-04-08T21:41:35 CDT" skipped="0">
  <testcase classname="org.sel.pom.tests.SearchTest" name="SearchWithPartialMatch" time="24.119"/>
</testsuite> <!-- org.sel.pom.tests.SearchTest -->
