<?xml version="1.0" encoding="UTF-8"?>
<!-- Generated by org.testng.reporters.JUnitReportReporter -->
<testsuite hostname="DESKTOP-GQ2DUQB" failures="0" tests="1" name="org.sel.pom.tests.LoginTest" time="36.440" errors="0" timestamp="2024-04-08T21:41:35 CDT" skipped="0">
  <testcase classname="org.sel.pom.tests.LoginTest" name="loginDuringCheckout" time="36.440"/>
</testsuite> <!-- org.sel.pom.tests.LoginTest -->
